2024-11-27 12:25:29.442 [info] [main] Log level: Info
2024-11-27 12:25:29.442 [info] [main] Validating found git in: "git"
2024-11-27 12:25:29.442 [info] [main] Using git "2.34.1" from "git"
2024-11-27 12:25:29.442 [info] [Model][doInitialScan] Initial repository scan started
2024-11-27 12:25:29.442 [info] > git rev-parse --show-toplevel [222ms]
2024-11-27 12:25:29.458 [info] > git rev-parse --git-dir --git-common-dir [3ms]
2024-11-27 12:25:29.511 [info] [Model][openRepository] Opened repository: /home/solovea
2024-11-27 12:25:29.549 [info] > git config --get commit.template [10ms]
2024-11-27 12:25:29.563 [info] > git rev-parse --show-toplevel [18ms]
2024-11-27 12:25:29.566 [info] > git for-each-ref --format=%(refname)%00%(upstream:short)%00%(objectname)%00%(upstream:track)%00%(upstream:remotename)%00%(upstream:remoteref) refs/heads/master refs/remotes/master [8ms]
2024-11-27 12:25:29.579 [info] > git rev-parse --show-toplevel [5ms]
2024-11-27 12:25:29.610 [info] > git rev-parse --show-toplevel [23ms]
2024-11-27 12:25:29.618 [info] > git for-each-ref --sort -committerdate --format %(refname) %(objectname) %(*objectname) [12ms]
2024-11-27 12:25:29.623 [info] > git rev-parse --show-toplevel [6ms]
2024-11-27 12:25:29.634 [info] > git rev-parse --show-toplevel [3ms]
2024-11-27 12:25:29.645 [info] [Model][doInitialScan] Initial repository scan completed - repositories (1), closed repositories (0), parent repositories (0), unsafe repositories (0)
2024-11-27 12:25:29.650 [info] > git status -z -uall [54ms]
2024-11-27 12:25:29.725 [info] > git for-each-ref --format=%(refname)%00%(upstream:short)%00%(objectname)%00%(upstream:track)%00%(upstream:remotename)%00%(upstream:remoteref) refs/heads/master refs/remotes/master [35ms]
2024-11-27 12:25:29.762 [info] > git config --local branch.master.vscode-merge-base [23ms]
2024-11-27 12:25:29.763 [warning] [Git][config] git config failed: Failed to execute git
2024-11-27 12:25:29.774 [info] > git config --get commit.template [51ms]
2024-11-27 12:25:29.957 [info] > git reflog master --grep-reflog=branch: Created from *. [183ms]
2024-11-27 12:25:29.982 [info] > git symbolic-ref --short refs/remotes/origin/HEAD [14ms]
2024-11-27 12:25:29.982 [info] fatal: ref refs/remotes/origin/HEAD is not a symbolic ref
2024-11-27 12:25:29.982 [warning] [Repository][getDefaultBranch] Failed to get default branch details: Failed to execute git.
2024-11-27 12:25:30.013 [info] > git merge-base refs/heads/master refs/remotes/origin/master [12ms]
2024-11-27 12:25:30.026 [info] > git for-each-ref --format=%(refname)%00%(upstream:short)%00%(objectname)%00%(upstream:track)%00%(upstream:remotename)%00%(upstream:remoteref) refs/heads/master refs/remotes/master [49ms]
2024-11-27 12:25:30.029 [info] > git diff --name-status -z --diff-filter=ADMR c2fa4a70da227614469a3134bf807bfa2247f9b7...refs/remotes/origin/master [4ms]
2024-11-27 12:25:30.057 [info] > git for-each-ref --sort -committerdate --format %(refname) %(objectname) %(*objectname) [5ms]
2024-11-27 12:25:30.104 [info] > git status -z -uall [65ms]
2024-11-27 12:25:30.449 [info] > git show --textconv :array_reversal.asm [12ms]
2024-11-27 12:25:30.464 [info] > git ls-files --stage -- /home/solovea/array_reversal.asm [18ms]
2024-11-27 12:25:30.473 [info] > git check-ignore -v -z --stdin [11ms]
2024-11-27 12:25:30.477 [info] > git cat-file -s 8619027ae70333bb515bdb6f13c76a7760fdb009 [5ms]
2024-11-27 12:25:30.669 [info] > git fetch [1159ms]
2024-11-27 12:25:30.684 [info] > git config --get commit.template [7ms]
2024-11-27 12:25:30.685 [info] > git for-each-ref --format=%(refname)%00%(upstream:short)%00%(objectname)%00%(upstream:track)%00%(upstream:remotename)%00%(upstream:remoteref) refs/heads/master refs/remotes/master [3ms]
2024-11-27 12:25:30.703 [info] > git for-each-ref --sort -committerdate --format %(refname) %(objectname) %(*objectname) [4ms]
2024-11-27 12:25:30.730 [info] > git status -z -uall [38ms]
2024-11-27 12:25:31.907 [info] > git config --get commit.template [7ms]
2024-11-27 12:25:31.908 [info] > git for-each-ref --format=%(refname)%00%(upstream:short)%00%(objectname)%00%(upstream:track)%00%(upstream:remotename)%00%(upstream:remoteref) refs/heads/master refs/remotes/master [4ms]
2024-11-27 12:25:31.919 [info] > git for-each-ref --sort -committerdate --format %(refname) %(objectname) %(*objectname) [3ms]
2024-11-27 12:25:31.938 [info] > git status -z -uall [26ms]
2024-11-27 12:25:31.992 [info] > git ls-files --stage -- /home/solovea/array_reversal.asm [3ms]
2024-11-27 12:25:32.003 [info] > git cat-file -s 8619027ae70333bb515bdb6f13c76a7760fdb009 [8ms]
2024-11-27 12:25:32.065 [info] > git show --textconv :array_reversal.asm [3ms]
2024-11-27 12:25:36.956 [info] > git config --get commit.template [6ms]
2024-11-27 12:25:36.958 [info] > git for-each-ref --format=%(refname)%00%(upstream:short)%00%(objectname)%00%(upstream:track)%00%(upstream:remotename)%00%(upstream:remoteref) refs/heads/master refs/remotes/master [3ms]
2024-11-27 12:25:36.972 [info] > git for-each-ref --sort -committerdate --format %(refname) %(objectname) %(*objectname) [4ms]
2024-11-27 12:25:36.984 [info] > git status -z -uall [19ms]
2024-11-27 12:25:42.010 [info] > git config --get commit.template [6ms]
2024-11-27 12:25:42.011 [info] > git for-each-ref --format=%(refname)%00%(upstream:short)%00%(objectname)%00%(upstream:track)%00%(upstream:remotename)%00%(upstream:remoteref) refs/heads/master refs/remotes/master [3ms]
2024-11-27 12:25:42.026 [info] > git for-each-ref --sort -committerdate --format %(refname) %(objectname) %(*objectname) [4ms]
2024-11-27 12:25:42.047 [info] > git status -z -uall [30ms]
2024-11-27 12:25:47.069 [info] > git config --get commit.template [7ms]
2024-11-27 12:25:47.071 [info] > git for-each-ref --format=%(refname)%00%(upstream:short)%00%(objectname)%00%(upstream:track)%00%(upstream:remotename)%00%(upstream:remoteref) refs/heads/master refs/remotes/master [3ms]
2024-11-27 12:25:47.083 [info] > git for-each-ref --sort -committerdate --format %(refname) %(objectname) %(*objectname) [2ms]
2024-11-27 12:25:47.107 [info] > git status -z -uall [30ms]
2024-11-27 12:25:52.120 [info] > git config --get commit.template [2ms]
2024-11-27 12:25:52.124 [info] > git for-each-ref --format=%(refname)%00%(upstream:short)%00%(objectname)%00%(upstream:track)%00%(upstream:remotename)%00%(upstream:remoteref) refs/heads/master refs/remotes/master [1ms]
2024-11-27 12:25:52.136 [info] > git for-each-ref --sort -committerdate --format %(refname) %(objectname) %(*objectname) [3ms]
2024-11-27 12:25:52.146 [info] > git status -z -uall [18ms]
2024-11-27 12:25:57.166 [info] > git config --get commit.template [5ms]
2024-11-27 12:25:57.167 [info] > git for-each-ref --format=%(refname)%00%(upstream:short)%00%(objectname)%00%(upstream:track)%00%(upstream:remotename)%00%(upstream:remoteref) refs/heads/master refs/remotes/master [2ms]
2024-11-27 12:25:57.177 [info] > git for-each-ref --sort -committerdate --format %(refname) %(objectname) %(*objectname) [2ms]
2024-11-27 12:25:57.197 [info] > git status -z -uall [26ms]
2024-11-27 12:26:02.226 [info] > git config --get commit.template [8ms]
2024-11-27 12:26:02.228 [info] > git for-each-ref --format=%(refname)%00%(upstream:short)%00%(objectname)%00%(upstream:track)%00%(upstream:remotename)%00%(upstream:remoteref) refs/heads/master refs/remotes/master [3ms]
2024-11-27 12:26:02.243 [info] > git for-each-ref --sort -committerdate --format %(refname) %(objectname) %(*objectname) [3ms]
2024-11-27 12:26:02.261 [info] > git status -z -uall [26ms]
2024-11-27 12:26:07.286 [info] > git config --get commit.template [9ms]
2024-11-27 12:26:07.288 [info] > git for-each-ref --format=%(refname)%00%(upstream:short)%00%(objectname)%00%(upstream:track)%00%(upstream:remotename)%00%(upstream:remoteref) refs/heads/master refs/remotes/master [4ms]
2024-11-27 12:26:07.305 [info] > git for-each-ref --sort -committerdate --format %(refname) %(objectname) %(*objectname) [4ms]
2024-11-27 12:26:07.322 [info] > git status -z -uall [27ms]
2024-11-27 12:26:11.660 [info] > git config --get commit.template [7ms]
2024-11-27 12:26:11.662 [info] > git for-each-ref --format=%(refname)%00%(upstream:short)%00%(objectname)%00%(upstream:track)%00%(upstream:remotename)%00%(upstream:remoteref) refs/heads/master refs/remotes/master [3ms]
2024-11-27 12:26:11.679 [info] > git for-each-ref --sort -committerdate --format %(refname) %(objectname) %(*objectname) [3ms]
2024-11-27 12:26:11.690 [info] > git status -z -uall [21ms]
2024-11-27 12:26:16.716 [info] > git for-each-ref --format=%(refname)%00%(upstream:short)%00%(objectname)%00%(upstream:track)%00%(upstream:remotename)%00%(upstream:remoteref) refs/heads/master refs/remotes/master [2ms]
2024-11-27 12:26:16.717 [info] > git config --get commit.template [13ms]
2024-11-27 12:26:16.737 [info] > git for-each-ref --sort -committerdate --format %(refname) %(objectname) %(*objectname) [4ms]
2024-11-27 12:26:16.769 [info] > git status -z -uall [45ms]
2024-11-27 12:26:21.800 [info] > git config --get commit.template [9ms]
2024-11-27 12:26:21.803 [info] > git for-each-ref --format=%(refname)%00%(upstream:short)%00%(objectname)%00%(upstream:track)%00%(upstream:remotename)%00%(upstream:remoteref) refs/heads/master refs/remotes/master [5ms]
2024-11-27 12:26:21.820 [info] > git for-each-ref --sort -committerdate --format %(refname) %(objectname) %(*objectname) [4ms]
2024-11-27 12:26:21.840 [info] > git status -z -uall [30ms]
2024-11-27 12:26:26.862 [info] > git config --get commit.template [2ms]
2024-11-27 12:26:26.870 [info] > git for-each-ref --format=%(refname)%00%(upstream:short)%00%(objectname)%00%(upstream:track)%00%(upstream:remotename)%00%(upstream:remoteref) refs/heads/master refs/remotes/master [3ms]
2024-11-27 12:26:26.887 [info] > git for-each-ref --sort -committerdate --format %(refname) %(objectname) %(*objectname) [4ms]
2024-11-27 12:26:26.908 [info] > git status -z -uall [30ms]
2024-11-27 12:26:31.926 [info] > git config --get commit.template [5ms]
2024-11-27 12:26:31.927 [info] > git for-each-ref --format=%(refname)%00%(upstream:short)%00%(objectname)%00%(upstream:track)%00%(upstream:remotename)%00%(upstream:remoteref) refs/heads/master refs/remotes/master [2ms]
2024-11-27 12:26:31.940 [info] > git for-each-ref --sort -committerdate --format %(refname) %(objectname) %(*objectname) [2ms]
2024-11-27 12:26:31.952 [info] > git status -z -uall [18ms]
2024-11-27 12:26:36.971 [info] > git config --get commit.template [7ms]
2024-11-27 12:26:36.972 [info] > git for-each-ref --format=%(refname)%00%(upstream:short)%00%(objectname)%00%(upstream:track)%00%(upstream:remotename)%00%(upstream:remoteref) refs/heads/master refs/remotes/master [2ms]
2024-11-27 12:26:36.984 [info] > git for-each-ref --sort -committerdate --format %(refname) %(objectname) %(*objectname) [3ms]
2024-11-27 12:26:37.002 [info] > git status -z -uall [25ms]
2024-11-27 12:26:42.023 [info] > git config --get commit.template [8ms]
2024-11-27 12:26:42.026 [info] > git for-each-ref --format=%(refname)%00%(upstream:short)%00%(objectname)%00%(upstream:track)%00%(upstream:remotename)%00%(upstream:remoteref) refs/heads/master refs/remotes/master [4ms]
2024-11-27 12:26:42.045 [info] > git for-each-ref --sort -committerdate --format %(refname) %(objectname) %(*objectname) [5ms]
2024-11-27 12:26:42.068 [info] > git status -z -uall [33ms]
2024-11-27 12:26:46.347 [info] > git config --get commit.template [5ms]
2024-11-27 12:26:46.350 [info] > git for-each-ref --format=%(refname)%00%(upstream:short)%00%(objectname)%00%(upstream:track)%00%(upstream:remotename)%00%(upstream:remoteref) refs/heads/master refs/remotes/master [3ms]
2024-11-27 12:26:46.361 [info] > git for-each-ref --sort -committerdate --format %(refname) %(objectname) %(*objectname) [3ms]
2024-11-27 12:26:46.376 [info] > git status -z -uall [22ms]
2024-11-27 12:26:51.392 [info] > git config --get commit.template [5ms]
2024-11-27 12:26:51.397 [info] > git for-each-ref --format=%(refname)%00%(upstream:short)%00%(objectname)%00%(upstream:track)%00%(upstream:remotename)%00%(upstream:remoteref) refs/heads/master refs/remotes/master [1ms]
2024-11-27 12:26:51.412 [info] > git for-each-ref --sort -committerdate --format %(refname) %(objectname) %(*objectname) [4ms]
2024-11-27 12:26:51.433 [info] > git status -z -uall [30ms]
2024-11-27 12:26:56.450 [info] > git config --get commit.template [2ms]
2024-11-27 12:26:56.456 [info] > git for-each-ref --format=%(refname)%00%(upstream:short)%00%(objectname)%00%(upstream:track)%00%(upstream:remotename)%00%(upstream:remoteref) refs/heads/master refs/remotes/master [2ms]
2024-11-27 12:26:56.470 [info] > git for-each-ref --sort -committerdate --format %(refname) %(objectname) %(*objectname) [4ms]
2024-11-27 12:26:56.485 [info] > git status -z -uall [23ms]
2024-11-27 12:27:01.504 [info] > git config --get commit.template [6ms]
2024-11-27 12:27:01.505 [info] > git for-each-ref --format=%(refname)%00%(upstream:short)%00%(objectname)%00%(upstream:track)%00%(upstream:remotename)%00%(upstream:remoteref) refs/heads/master refs/remotes/master [2ms]
2024-11-27 12:27:01.518 [info] > git for-each-ref --sort -committerdate --format %(refname) %(objectname) %(*objectname) [3ms]
2024-11-27 12:27:01.536 [info] > git status -z -uall [25ms]
2024-11-27 12:27:06.552 [info] > git config --get commit.template [7ms]
2024-11-27 12:27:06.554 [info] > git for-each-ref --format=%(refname)%00%(upstream:short)%00%(objectname)%00%(upstream:track)%00%(upstream:remotename)%00%(upstream:remoteref) refs/heads/master refs/remotes/master [3ms]
2024-11-27 12:27:06.568 [info] > git for-each-ref --sort -committerdate --format %(refname) %(objectname) %(*objectname) [3ms]
2024-11-27 12:27:06.586 [info] > git status -z -uall [27ms]
2024-11-27 12:27:11.601 [info] > git config --get commit.template [5ms]
2024-11-27 12:27:11.602 [info] > git for-each-ref --format=%(refname)%00%(upstream:short)%00%(objectname)%00%(upstream:track)%00%(upstream:remotename)%00%(upstream:remoteref) refs/heads/master refs/remotes/master [2ms]
2024-11-27 12:27:11.615 [info] > git for-each-ref --sort -committerdate --format %(refname) %(objectname) %(*objectname) [3ms]
2024-11-27 12:27:11.630 [info] > git status -z -uall [23ms]
2024-11-27 12:30:26.028 [info] > git config --get commit.template [9ms]
2024-11-27 12:30:26.030 [info] > git for-each-ref --format=%(refname)%00%(upstream:short)%00%(objectname)%00%(upstream:track)%00%(upstream:remotename)%00%(upstream:remoteref) refs/heads/master refs/remotes/master [3ms]
2024-11-27 12:30:26.046 [info] > git for-each-ref --sort -committerdate --format %(refname) %(objectname) %(*objectname) [4ms]
2024-11-27 12:30:26.063 [info] > git status -z -uall [28ms]
2024-11-27 12:30:26.972 [info] > git fetch [961ms]
2024-11-27 12:30:26.985 [info] > git config --get commit.template [6ms]
2024-11-27 12:30:26.987 [info] > git for-each-ref --format=%(refname)%00%(upstream:short)%00%(objectname)%00%(upstream:track)%00%(upstream:remotename)%00%(upstream:remoteref) refs/heads/master refs/remotes/master [2ms]
2024-11-27 12:30:27.000 [info] > git for-each-ref --sort -committerdate --format %(refname) %(objectname) %(*objectname) [3ms]
2024-11-27 12:30:27.014 [info] > git status -z -uall [22ms]
2024-11-27 12:30:28.261 [info] > git ls-files --stage -- /home/solovea/array_reversal.asm [3ms]
2024-11-27 12:30:28.268 [info] > git cat-file -s 8619027ae70333bb515bdb6f13c76a7760fdb009 [2ms]
2024-11-27 12:30:28.282 [info] > git show --textconv :array_reversal.asm [4ms]
2024-11-27 12:30:31.080 [info] > git config --get commit.template [6ms]
2024-11-27 12:30:31.082 [info] > git for-each-ref --format=%(refname)%00%(upstream:short)%00%(objectname)%00%(upstream:track)%00%(upstream:remotename)%00%(upstream:remoteref) refs/heads/master refs/remotes/master [3ms]
2024-11-27 12:30:31.095 [info] > git for-each-ref --sort -committerdate --format %(refname) %(objectname) %(*objectname) [3ms]
2024-11-27 12:30:31.111 [info] > git status -z -uall [24ms]
2024-11-27 12:30:36.137 [info] > git config --get commit.template [6ms]
2024-11-27 12:30:36.139 [info] > git for-each-ref --format=%(refname)%00%(upstream:short)%00%(objectname)%00%(upstream:track)%00%(upstream:remotename)%00%(upstream:remoteref) refs/heads/master refs/remotes/master [3ms]
2024-11-27 12:30:36.155 [info] > git for-each-ref --sort -committerdate --format %(refname) %(objectname) %(*objectname) [3ms]
2024-11-27 12:30:36.173 [info] > git status -z -uall [28ms]
2024-11-27 12:30:46.416 [info] > git config --get commit.template [8ms]
2024-11-27 12:30:46.419 [info] > git for-each-ref --format=%(refname)%00%(upstream:short)%00%(objectname)%00%(upstream:track)%00%(upstream:remotename)%00%(upstream:remoteref) refs/heads/master refs/remotes/master [5ms]
2024-11-27 12:30:46.437 [info] > git for-each-ref --sort -committerdate --format %(refname) %(objectname) %(*objectname) [4ms]
2024-11-27 12:30:46.460 [info] > git status -z -uall [33ms]
2024-11-27 12:30:50.607 [info] > git ls-files --stage -- /home/solovea/array_reversal.asm [4ms]
2024-11-27 12:30:50.614 [info] > git cat-file -s 8619027ae70333bb515bdb6f13c76a7760fdb009 [2ms]
2024-11-27 12:30:50.627 [info] > git show --textconv :array_reversal.asm [4ms]
2024-11-27 12:30:51.481 [info] > git config --get commit.template [3ms]
2024-11-27 12:30:51.488 [info] > git for-each-ref --format=%(refname)%00%(upstream:short)%00%(objectname)%00%(upstream:track)%00%(upstream:remotename)%00%(upstream:remoteref) refs/heads/master refs/remotes/master [3ms]
2024-11-27 12:30:51.499 [info] > git for-each-ref --sort -committerdate --format %(refname) %(objectname) %(*objectname) [3ms]
2024-11-27 12:30:51.511 [info] > git status -z -uall [18ms]
2024-11-27 12:30:56.528 [info] > git config --get commit.template [5ms]
2024-11-27 12:30:56.531 [info] > git for-each-ref --format=%(refname)%00%(upstream:short)%00%(objectname)%00%(upstream:track)%00%(upstream:remotename)%00%(upstream:remoteref) refs/heads/master refs/remotes/master [3ms]
2024-11-27 12:30:56.541 [info] > git for-each-ref --sort -committerdate --format %(refname) %(objectname) %(*objectname) [2ms]
2024-11-27 12:30:56.560 [info] > git status -z -uall [25ms]
2024-11-27 12:31:00.776 [info] > git config --get commit.template [8ms]
2024-11-27 12:31:00.779 [info] > git for-each-ref --format=%(refname)%00%(upstream:short)%00%(objectname)%00%(upstream:track)%00%(upstream:remotename)%00%(upstream:remoteref) refs/heads/master refs/remotes/master [3ms]
2024-11-27 12:31:00.797 [info] > git for-each-ref --sort -committerdate --format %(refname) %(objectname) %(*objectname) [4ms]
2024-11-27 12:31:00.811 [info] > git status -z -uall [26ms]
2024-11-27 12:31:08.241 [info] > git config --get commit.template [9ms]
2024-11-27 12:31:08.242 [info] > git for-each-ref --format=%(refname)%00%(upstream:short)%00%(objectname)%00%(upstream:track)%00%(upstream:remotename)%00%(upstream:remoteref) refs/heads/master refs/remotes/master [3ms]
2024-11-27 12:31:08.258 [info] > git for-each-ref --sort -committerdate --format %(refname) %(objectname) %(*objectname) [3ms]
2024-11-27 12:31:08.274 [info] > git status -z -uall [25ms]
2024-11-27 12:31:13.292 [info] > git config --get commit.template [6ms]
2024-11-27 12:31:13.293 [info] > git for-each-ref --format=%(refname)%00%(upstream:short)%00%(objectname)%00%(upstream:track)%00%(upstream:remotename)%00%(upstream:remoteref) refs/heads/master refs/remotes/master [2ms]
2024-11-27 12:31:13.305 [info] > git for-each-ref --sort -committerdate --format %(refname) %(objectname) %(*objectname) [2ms]
2024-11-27 12:31:13.325 [info] > git status -z -uall [26ms]
2024-11-27 12:31:18.343 [info] > git config --get commit.template [7ms]
2024-11-27 12:31:18.345 [info] > git for-each-ref --format=%(refname)%00%(upstream:short)%00%(objectname)%00%(upstream:track)%00%(upstream:remotename)%00%(upstream:remoteref) refs/heads/master refs/remotes/master [3ms]
2024-11-27 12:31:18.357 [info] > git for-each-ref --sort -committerdate --format %(refname) %(objectname) %(*objectname) [4ms]
2024-11-27 12:31:18.373 [info] > git status -z -uall [24ms]
2024-11-27 12:31:23.404 [info] > git config --get commit.template [8ms]
2024-11-27 12:31:23.405 [info] > git for-each-ref --format=%(refname)%00%(upstream:short)%00%(objectname)%00%(upstream:track)%00%(upstream:remotename)%00%(upstream:remoteref) refs/heads/master refs/remotes/master [3ms]
2024-11-27 12:31:23.419 [info] > git for-each-ref --sort -committerdate --format %(refname) %(objectname) %(*objectname) [3ms]
2024-11-27 12:31:23.431 [info] > git status -z -uall [20ms]
2024-11-27 12:31:28.447 [info] > git config --get commit.template [2ms]
2024-11-27 12:31:28.455 [info] > git for-each-ref --format=%(refname)%00%(upstream:short)%00%(objectname)%00%(upstream:track)%00%(upstream:remotename)%00%(upstream:remoteref) refs/heads/master refs/remotes/master [2ms]
2024-11-27 12:31:28.468 [info] > git for-each-ref --sort -committerdate --format %(refname) %(objectname) %(*objectname) [3ms]
2024-11-27 12:31:28.481 [info] > git status -z -uall [22ms]
2024-11-27 12:31:32.726 [info] > git config --get commit.template [8ms]
2024-11-27 12:31:32.729 [info] > git for-each-ref --format=%(refname)%00%(upstream:short)%00%(objectname)%00%(upstream:track)%00%(upstream:remotename)%00%(upstream:remoteref) refs/heads/master refs/remotes/master [3ms]
2024-11-27 12:31:32.746 [info] > git for-each-ref --sort -committerdate --format %(refname) %(objectname) %(*objectname) [3ms]
2024-11-27 12:31:32.758 [info] > git status -z -uall [22ms]
2024-11-27 12:31:37.775 [info] > git config --get commit.template [6ms]
2024-11-27 12:31:37.776 [info] > git for-each-ref --format=%(refname)%00%(upstream:short)%00%(objectname)%00%(upstream:track)%00%(upstream:remotename)%00%(upstream:remoteref) refs/heads/master refs/remotes/master [2ms]
2024-11-27 12:31:37.790 [info] > git for-each-ref --sort -committerdate --format %(refname) %(objectname) %(*objectname) [4ms]
2024-11-27 12:31:37.807 [info] > git status -z -uall [25ms]
