2024-11-25 17:51:54.911 [info] Extension host with pid 558 started
2024-11-25 17:51:54.911 [error] Error: EEXIST: file already exists, open '/home/solovea/.vscode-server/data/User/workspaceStorage/c105a391e8447816d246f171ac06e902/vscode.lock'
2024-11-25 17:51:54.934 [info] Lock '/home/solovea/.vscode-server/data/User/workspaceStorage/c105a391e8447816d246f171ac06e902/vscode.lock': Could not acquire lock, checking if the file is stale.
2024-11-25 17:51:55.078 [info] ExtensionService#_doActivateExtension vscode.emmet, startup: false, activationEvent: 'onLanguage'
2024-11-25 17:51:55.158 [info] Lock '/home/solovea/.vscode-server/data/User/workspaceStorage/c105a391e8447816d246f171ac06e902/vscode.lock': The pid 485 appears to be gone.
2024-11-25 17:51:55.158 [info] Lock '/home/solovea/.vscode-server/data/User/workspaceStorage/c105a391e8447816d246f171ac06e902/vscode.lock': Deleting a stale lock.
2024-11-25 17:51:55.197 [info] Lock '/home/solovea/.vscode-server/data/User/workspaceStorage/c105a391e8447816d246f171ac06e902/vscode.lock': Lock acquired.
2024-11-25 17:51:55.482 [info] ExtensionService#_doActivateExtension vscode.git-base, startup: true, activationEvent: '*', root cause: vscode.git
2024-11-25 17:51:55.575 [info] ExtensionService#_doActivateExtension vscode.git, startup: true, activationEvent: '*'
2024-11-25 17:51:55.577 [info] ExtensionService#_doActivateExtension vscode.github, startup: true, activationEvent: '*'
2024-11-25 17:51:56.291 [info] Eager extensions activated
2024-11-25 17:51:56.292 [info] ExtensionService#_doActivateExtension vscode.debug-auto-launch, startup: false, activationEvent: 'onStartupFinished'
2024-11-25 17:51:56.293 [info] ExtensionService#_doActivateExtension vscode.merge-conflict, startup: false, activationEvent: 'onStartupFinished'
2024-11-25 17:55:45.341 [info] ExtensionService#_doActivateExtension vscode.debug-server-ready, startup: false, activationEvent: 'onDebugResolve'
2024-11-25 17:59:24.382 [info] ExtensionService#_doActivateExtension vscode.npm, startup: false, activationEvent: 'onTerminalQuickFixRequest:ms-vscode.npm-command'
2024-11-25 17:59:29.837 [info] ExtensionService#_doActivateExtension vscode.configuration-editing, startup: false, activationEvent: 'onLanguage:json'
2024-11-25 17:59:29.838 [info] ExtensionService#_doActivateExtension vscode.extension-editing, startup: false, activationEvent: 'onLanguage:json'
2024-11-25 17:59:29.839 [info] ExtensionService#_doActivateExtension vscode.json-language-features, startup: false, activationEvent: 'onLanguage:json'
2024-11-25 18:01:21.138 [warning] vscode.json-language-features - Code actions of kind 'quickfix' requested but returned code action is of kind 'source.sort.json'. Code action will be dropped. Please check 'CodeActionContext.only' to only return requested code actions.
2024-11-25 18:01:23.130 [warning] vscode.json-language-features - Code actions of kind 'quickfix' requested but returned code action is of kind 'source.sort.json'. Code action will be dropped. Please check 'CodeActionContext.only' to only return requested code actions.
2024-11-25 18:07:49.749 [warning] vscode.json-language-features - Code actions of kind 'quickfix' requested but returned code action is of kind 'source.sort.json'. Code action will be dropped. Please check 'CodeActionContext.only' to only return requested code actions.
2024-11-25 18:07:50.930 [warning] vscode.json-language-features - Code actions of kind 'quickfix' requested but returned code action is of kind 'source.sort.json'. Code action will be dropped. Please check 'CodeActionContext.only' to only return requested code actions.
2024-11-25 19:07:27.207 [warning] [Decorations] CAPPING events from decorations provider vscode.git 1434
2024-11-25 19:07:27.308 [warning] [Decorations] CAPPING events from decorations provider vscode.git 1434
