2024-11-26 13:48:02.529 [info] [main] Log level: Info
2024-11-26 13:48:02.530 [info] [main] Validating found git in: "git"
2024-11-26 13:48:02.530 [info] [main] Using git "2.34.1" from "git"
2024-11-26 13:48:02.530 [info] [Model][doInitialScan] Initial repository scan started
2024-11-26 13:48:02.530 [info] > git rev-parse --show-toplevel [9ms]
2024-11-26 13:48:02.530 [info] > git rev-parse --git-dir --git-common-dir [12ms]
2024-11-26 13:48:02.530 [info] [Model][openRepository] Opened repository: /home/solovea
2024-11-26 13:48:02.537 [info] > git rev-parse --show-toplevel [151ms]
2024-11-26 13:48:02.539 [info] > git config --get commit.template [157ms]
2024-11-26 13:48:02.564 [info] > git rev-parse --show-toplevel [20ms]
2024-11-26 13:48:02.570 [info] > git for-each-ref --format=%(refname)%00%(upstream:short)%00%(objectname)%00%(upstream:track)%00%(upstream:remotename)%00%(upstream:remoteref) refs/heads/master refs/remotes/master [8ms]
2024-11-26 13:48:02.573 [info] > git rev-parse --show-toplevel [3ms]
2024-11-26 13:48:02.600 [info] > git rev-parse --show-toplevel [15ms]
2024-11-26 13:48:02.605 [info] > git for-each-ref --sort -committerdate --format %(refname) %(objectname) %(*objectname) [6ms]
2024-11-26 13:48:02.608 [info] > git rev-parse --show-toplevel [4ms]
2024-11-26 13:48:02.620 [info] [Model][doInitialScan] Initial repository scan completed - repositories (1), closed repositories (0), parent repositories (0), unsafe repositories (0)
2024-11-26 13:48:02.625 [info] > git status -z -uall [33ms]
2024-11-26 13:48:02.673 [info] > git for-each-ref --format=%(refname)%00%(upstream:short)%00%(objectname)%00%(upstream:track)%00%(upstream:remotename)%00%(upstream:remoteref) refs/heads/master refs/remotes/master [28ms]
2024-11-26 13:48:02.682 [info] > git config --get commit.template [22ms]
2024-11-26 13:48:02.683 [info] > git config --local branch.master.vscode-merge-base [4ms]
2024-11-26 13:48:02.683 [warning] [Git][config] git config failed: Failed to execute git
2024-11-26 13:48:02.699 [info] > git for-each-ref --format=%(refname)%00%(upstream:short)%00%(objectname)%00%(upstream:track)%00%(upstream:remotename)%00%(upstream:remoteref) refs/heads/master refs/remotes/master [4ms]
2024-11-26 13:48:02.726 [info] > git show --textconv :number_classification.asm [5ms]
2024-11-26 13:48:02.727 [info] > git reflog master --grep-reflog=branch: Created from *. [38ms]
2024-11-26 13:48:02.820 [info] > git status -z -uall [116ms]
2024-11-26 13:48:02.820 [info] > git symbolic-ref --short refs/remotes/origin/HEAD [89ms]
2024-11-26 13:48:02.821 [info] fatal: ref refs/remotes/origin/HEAD is not a symbolic ref
2024-11-26 13:48:02.821 [warning] [Repository][getDefaultBranch] Failed to get default branch details: Failed to execute git.
2024-11-26 13:48:02.828 [info] > git ls-files --stage -- /home/solovea/number_classification.asm [102ms]
2024-11-26 13:48:02.837 [info] > git for-each-ref --sort -committerdate --format %(refname) %(objectname) %(*objectname) [127ms]
2024-11-26 13:48:02.860 [info] > git merge-base refs/heads/master refs/remotes/origin/master [10ms]
2024-11-26 13:48:02.867 [info] > git cat-file -s 8cb9641a3f2366ee5732e248e4a2a6bc916c22d3 [35ms]
2024-11-26 13:48:02.868 [info] > git merge-base refs/heads/master refs/remotes/origin/master [42ms]
2024-11-26 13:48:02.876 [info] > git diff --name-status -z --diff-filter=ADMR c2fa4a70da227614469a3134bf807bfa2247f9b7...refs/remotes/origin/master [9ms]
2024-11-26 13:48:02.879 [info] > git diff --name-status -z --diff-filter=ADMR c2fa4a70da227614469a3134bf807bfa2247f9b7...refs/remotes/origin/master [5ms]
2024-11-26 13:48:02.908 [info] > git check-ignore -v -z --stdin [4ms]
2024-11-26 13:48:03.657 [info] > git fetch [1298ms]
2024-11-26 13:48:03.657 [info] From https://github.com/eslimose/ICS3203-CAT2-Assembly-Mutei-Stephen-Solovea-150889
 * [new branch]      main       -> origin/main
2024-11-26 13:48:03.680 [info] > git config --get commit.template [12ms]
2024-11-26 13:48:03.685 [info] > git for-each-ref --format=%(refname)%00%(upstream:short)%00%(objectname)%00%(upstream:track)%00%(upstream:remotename)%00%(upstream:remoteref) refs/heads/master refs/remotes/master [9ms]
2024-11-26 13:48:03.707 [info] > git for-each-ref --sort -committerdate --format %(refname) %(objectname) %(*objectname) [5ms]
2024-11-26 13:48:03.747 [info] > git status -z -uall [54ms]
2024-11-26 13:48:04.578 [info] > git ls-files --stage -- /home/solovea/number_classification.asm [4ms]
2024-11-26 13:48:04.588 [info] > git cat-file -s 8cb9641a3f2366ee5732e248e4a2a6bc916c22d3 [3ms]
2024-11-26 13:48:04.706 [info] > git show --textconv :number_classification.asm [60ms]
2024-11-26 13:48:05.649 [info] > git ls-files --stage -- /home/solovea/number_classification.asm [5ms]
2024-11-26 13:48:05.656 [info] > git cat-file -s 8cb9641a3f2366ee5732e248e4a2a6bc916c22d3 [2ms]
2024-11-26 13:48:05.676 [info] > git show --textconv :number_classification.asm [3ms]
2024-11-26 13:48:08.372 [info] > git config --get commit.template [5ms]
2024-11-26 13:48:08.382 [info] > git for-each-ref --format=%(refname)%00%(upstream:short)%00%(objectname)%00%(upstream:track)%00%(upstream:remotename)%00%(upstream:remoteref) refs/heads/master refs/remotes/master [3ms]
2024-11-26 13:48:08.402 [info] > git for-each-ref --sort -committerdate --format %(refname) %(objectname) %(*objectname) [7ms]
2024-11-26 13:48:08.417 [info] > git status -z -uall [27ms]
2024-11-26 13:48:13.437 [info] > git config --get commit.template [2ms]
2024-11-26 13:48:13.449 [info] > git for-each-ref --format=%(refname)%00%(upstream:short)%00%(objectname)%00%(upstream:track)%00%(upstream:remotename)%00%(upstream:remoteref) refs/heads/master refs/remotes/master [4ms]
2024-11-26 13:48:13.470 [info] > git for-each-ref --sort -committerdate --format %(refname) %(objectname) %(*objectname) [4ms]
2024-11-26 13:48:13.497 [info] > git status -z -uall [39ms]
2024-11-26 13:48:18.525 [info] > git config --get commit.template [11ms]
2024-11-26 13:48:18.526 [info] > git for-each-ref --format=%(refname)%00%(upstream:short)%00%(objectname)%00%(upstream:track)%00%(upstream:remotename)%00%(upstream:remoteref) refs/heads/master refs/remotes/master [2ms]
2024-11-26 13:48:18.544 [info] > git for-each-ref --sort -committerdate --format %(refname) %(objectname) %(*objectname) [4ms]
2024-11-26 13:48:18.568 [info] > git status -z -uall [35ms]
2024-11-26 13:48:23.599 [info] > git config --get commit.template [11ms]
2024-11-26 13:48:23.601 [info] > git for-each-ref --format=%(refname)%00%(upstream:short)%00%(objectname)%00%(upstream:track)%00%(upstream:remotename)%00%(upstream:remoteref) refs/heads/master refs/remotes/master [5ms]
2024-11-26 13:48:23.615 [info] > git for-each-ref --sort -committerdate --format %(refname) %(objectname) %(*objectname) [3ms]
2024-11-26 13:48:23.634 [info] > git status -z -uall [27ms]
2024-11-26 13:48:28.664 [info] > git config --get commit.template [10ms]
2024-11-26 13:48:28.665 [info] > git for-each-ref --format=%(refname)%00%(upstream:short)%00%(objectname)%00%(upstream:track)%00%(upstream:remotename)%00%(upstream:remoteref) refs/heads/master refs/remotes/master [6ms]
2024-11-26 13:48:28.687 [info] > git for-each-ref --sort -committerdate --format %(refname) %(objectname) %(*objectname) [5ms]
2024-11-26 13:48:28.712 [info] > git status -z -uall [38ms]
2024-11-26 13:48:33.739 [info] > git config --get commit.template [8ms]
2024-11-26 13:48:33.741 [info] > git for-each-ref --format=%(refname)%00%(upstream:short)%00%(objectname)%00%(upstream:track)%00%(upstream:remotename)%00%(upstream:remoteref) refs/heads/master refs/remotes/master [3ms]
2024-11-26 13:48:33.761 [info] > git for-each-ref --sort -committerdate --format %(refname) %(objectname) %(*objectname) [5ms]
2024-11-26 13:48:33.791 [info] > git status -z -uall [42ms]
2024-11-26 13:48:38.810 [info] > git config --get commit.template [2ms]
2024-11-26 13:48:38.820 [info] > git for-each-ref --format=%(refname)%00%(upstream:short)%00%(objectname)%00%(upstream:track)%00%(upstream:remotename)%00%(upstream:remoteref) refs/heads/master refs/remotes/master [4ms]
2024-11-26 13:48:38.839 [info] > git for-each-ref --sort -committerdate --format %(refname) %(objectname) %(*objectname) [4ms]
2024-11-26 13:48:38.856 [info] > git status -z -uall [27ms]
2024-11-26 13:48:43.874 [info] > git config --get commit.template [2ms]
2024-11-26 13:48:43.883 [info] > git for-each-ref --format=%(refname)%00%(upstream:short)%00%(objectname)%00%(upstream:track)%00%(upstream:remotename)%00%(upstream:remoteref) refs/heads/master refs/remotes/master [2ms]
2024-11-26 13:48:43.902 [info] > git for-each-ref --sort -committerdate --format %(refname) %(objectname) %(*objectname) [6ms]
2024-11-26 13:48:43.915 [info] > git status -z -uall [26ms]
2024-11-26 13:50:57.446 [info] > git config --get commit.template [6ms]
2024-11-26 13:50:57.449 [info] > git for-each-ref --format=%(refname)%00%(upstream:short)%00%(objectname)%00%(upstream:track)%00%(upstream:remotename)%00%(upstream:remoteref) refs/heads/master refs/remotes/master [2ms]
2024-11-26 13:50:57.462 [info] > git for-each-ref --sort -committerdate --format %(refname) %(objectname) %(*objectname) [3ms]
2024-11-26 13:50:57.473 [info] > git status -z -uall [19ms]
2024-11-26 13:51:02.499 [info] > git config --get commit.template [10ms]
2024-11-26 13:51:02.503 [info] > git for-each-ref --format=%(refname)%00%(upstream:short)%00%(objectname)%00%(upstream:track)%00%(upstream:remotename)%00%(upstream:remoteref) refs/heads/master refs/remotes/master [6ms]
2024-11-26 13:51:02.527 [info] > git for-each-ref --sort -committerdate --format %(refname) %(objectname) %(*objectname) [7ms]
2024-11-26 13:51:02.540 [info] > git status -z -uall [29ms]
2024-11-26 13:51:04.933 [info] > git fetch [1167ms]
2024-11-26 13:51:04.950 [info] > git config --get commit.template [7ms]
2024-11-26 13:51:04.952 [info] > git for-each-ref --format=%(refname)%00%(upstream:short)%00%(objectname)%00%(upstream:track)%00%(upstream:remotename)%00%(upstream:remoteref) refs/heads/master refs/remotes/master [3ms]
2024-11-26 13:51:04.969 [info] > git for-each-ref --sort -committerdate --format %(refname) %(objectname) %(*objectname) [3ms]
2024-11-26 13:51:04.995 [info] > git status -z -uall [35ms]
2024-11-26 13:51:05.072 [info] > git ls-files --stage -- /home/solovea/number_classification.asm [5ms]
2024-11-26 13:51:05.081 [info] > git cat-file -s 8cb9641a3f2366ee5732e248e4a2a6bc916c22d3 [3ms]
2024-11-26 13:51:05.108 [info] > git show --textconv :number_classification.asm [12ms]
2024-11-26 13:51:06.185 [info] > git ls-files --stage -- /home/solovea/number_classification.asm [5ms]
2024-11-26 13:51:06.193 [info] > git cat-file -s 8cb9641a3f2366ee5732e248e4a2a6bc916c22d3 [2ms]
2024-11-26 13:51:06.209 [info] > git show --textconv :number_classification.asm [4ms]
2024-11-26 13:51:07.565 [info] > git config --get commit.template [9ms]
2024-11-26 13:51:07.567 [info] > git for-each-ref --format=%(refname)%00%(upstream:short)%00%(objectname)%00%(upstream:track)%00%(upstream:remotename)%00%(upstream:remoteref) refs/heads/master refs/remotes/master [3ms]
2024-11-26 13:51:07.583 [info] > git for-each-ref --sort -committerdate --format %(refname) %(objectname) %(*objectname) [3ms]
2024-11-26 13:51:07.596 [info] > git status -z -uall [23ms]
2024-11-26 13:51:12.626 [info] > git for-each-ref --format=%(refname)%00%(upstream:short)%00%(objectname)%00%(upstream:track)%00%(upstream:remotename)%00%(upstream:remoteref) refs/heads/master refs/remotes/master [6ms]
2024-11-26 13:51:12.627 [info] > git config --get commit.template [17ms]
2024-11-26 13:51:12.645 [info] > git for-each-ref --sort -committerdate --format %(refname) %(objectname) %(*objectname) [4ms]
2024-11-26 13:51:12.668 [info] > git status -z -uall [33ms]
2024-11-26 13:51:17.693 [info] > git config --get commit.template [8ms]
2024-11-26 13:51:17.694 [info] > git for-each-ref --format=%(refname)%00%(upstream:short)%00%(objectname)%00%(upstream:track)%00%(upstream:remotename)%00%(upstream:remoteref) refs/heads/master refs/remotes/master [3ms]
2024-11-26 13:51:17.720 [info] > git for-each-ref --sort -committerdate --format %(refname) %(objectname) %(*objectname) [5ms]
2024-11-26 13:51:17.737 [info] > git status -z -uall [31ms]
2024-11-26 13:51:22.752 [info] > git config --get commit.template [4ms]
2024-11-26 13:51:22.760 [info] > git for-each-ref --format=%(refname)%00%(upstream:short)%00%(objectname)%00%(upstream:track)%00%(upstream:remotename)%00%(upstream:remoteref) refs/heads/master refs/remotes/master [3ms]
2024-11-26 13:51:22.778 [info] > git for-each-ref --sort -committerdate --format %(refname) %(objectname) %(*objectname) [4ms]
2024-11-26 13:51:22.794 [info] > git status -z -uall [26ms]
2024-11-26 13:51:27.815 [info] > git config --get commit.template [4ms]
2024-11-26 13:51:27.826 [info] > git for-each-ref --format=%(refname)%00%(upstream:short)%00%(objectname)%00%(upstream:track)%00%(upstream:remotename)%00%(upstream:remoteref) refs/heads/master refs/remotes/master [4ms]
2024-11-26 13:51:27.848 [info] > git for-each-ref --sort -committerdate --format %(refname) %(objectname) %(*objectname) [5ms]
2024-11-26 13:51:27.869 [info] > git status -z -uall [34ms]
2024-11-26 13:51:32.889 [info] > git config --get commit.template [3ms]
2024-11-26 13:51:32.901 [info] > git for-each-ref --format=%(refname)%00%(upstream:short)%00%(objectname)%00%(upstream:track)%00%(upstream:remotename)%00%(upstream:remoteref) refs/heads/master refs/remotes/master [4ms]
2024-11-26 13:51:32.922 [info] > git for-each-ref --sort -committerdate --format %(refname) %(objectname) %(*objectname) [5ms]
2024-11-26 13:51:32.936 [info] > git status -z -uall [27ms]
2024-11-26 13:51:37.961 [info] > git config --get commit.template [8ms]
2024-11-26 13:51:37.968 [info] > git for-each-ref --format=%(refname)%00%(upstream:short)%00%(objectname)%00%(upstream:track)%00%(upstream:remotename)%00%(upstream:remoteref) refs/heads/master refs/remotes/master [7ms]
2024-11-26 13:51:37.987 [info] > git for-each-ref --sort -committerdate --format %(refname) %(objectname) %(*objectname) [4ms]
2024-11-26 13:51:38.015 [info] > git status -z -uall [40ms]
2024-11-26 13:51:43.036 [info] > git config --get commit.template [3ms]
2024-11-26 13:51:43.045 [info] > git for-each-ref --format=%(refname)%00%(upstream:short)%00%(objectname)%00%(upstream:track)%00%(upstream:remotename)%00%(upstream:remoteref) refs/heads/master refs/remotes/master [2ms]
2024-11-26 13:51:43.061 [info] > git for-each-ref --sort -committerdate --format %(refname) %(objectname) %(*objectname) [2ms]
2024-11-26 13:51:43.094 [info] > git status -z -uall [41ms]
2024-11-26 13:51:48.110 [info] > git config --get commit.template [3ms]
2024-11-26 13:51:48.120 [info] > git for-each-ref --format=%(refname)%00%(upstream:short)%00%(objectname)%00%(upstream:track)%00%(upstream:remotename)%00%(upstream:remoteref) refs/heads/master refs/remotes/master [3ms]
2024-11-26 13:51:48.138 [info] > git for-each-ref --sort -committerdate --format %(refname) %(objectname) %(*objectname) [3ms]
2024-11-26 13:51:48.158 [info] > git status -z -uall [31ms]
2024-11-26 13:51:53.182 [info] > git config --get commit.template [10ms]
2024-11-26 13:51:53.186 [info] > git for-each-ref --format=%(refname)%00%(upstream:short)%00%(objectname)%00%(upstream:track)%00%(upstream:remotename)%00%(upstream:remoteref) refs/heads/master refs/remotes/master [5ms]
2024-11-26 13:51:53.205 [info] > git for-each-ref --sort -committerdate --format %(refname) %(objectname) %(*objectname) [5ms]
2024-11-26 13:51:53.227 [info] > git status -z -uall [34ms]
2024-11-26 13:51:58.250 [info] > git config --get commit.template [8ms]
2024-11-26 13:51:58.253 [info] > git for-each-ref --format=%(refname)%00%(upstream:short)%00%(objectname)%00%(upstream:track)%00%(upstream:remotename)%00%(upstream:remoteref) refs/heads/master refs/remotes/master [4ms]
2024-11-26 13:51:58.274 [info] > git for-each-ref --sort -committerdate --format %(refname) %(objectname) %(*objectname) [4ms]
2024-11-26 13:51:58.291 [info] > git status -z -uall [30ms]
2024-11-26 13:52:03.319 [info] > git config --get commit.template [10ms]
2024-11-26 13:52:03.323 [info] > git for-each-ref --format=%(refname)%00%(upstream:short)%00%(objectname)%00%(upstream:track)%00%(upstream:remotename)%00%(upstream:remoteref) refs/heads/master refs/remotes/master [6ms]
2024-11-26 13:52:03.343 [info] > git for-each-ref --sort -committerdate --format %(refname) %(objectname) %(*objectname) [5ms]
2024-11-26 13:52:03.367 [info] > git status -z -uall [36ms]
2024-11-26 13:52:08.395 [info] > git config --get commit.template [10ms]
2024-11-26 13:52:08.397 [info] > git for-each-ref --format=%(refname)%00%(upstream:short)%00%(objectname)%00%(upstream:track)%00%(upstream:remotename)%00%(upstream:remoteref) refs/heads/master refs/remotes/master [3ms]
2024-11-26 13:52:08.420 [info] > git for-each-ref --sort -committerdate --format %(refname) %(objectname) %(*objectname) [5ms]
2024-11-26 13:52:08.445 [info] > git status -z -uall [38ms]
2024-11-26 13:52:13.464 [info] > git config --get commit.template [5ms]
2024-11-26 13:52:13.476 [info] > git for-each-ref --format=%(refname)%00%(upstream:short)%00%(objectname)%00%(upstream:track)%00%(upstream:remotename)%00%(upstream:remoteref) refs/heads/master refs/remotes/master [5ms]
2024-11-26 13:52:13.492 [info] > git for-each-ref --sort -committerdate --format %(refname) %(objectname) %(*objectname) [3ms]
2024-11-26 13:52:13.514 [info] > git status -z -uall [31ms]
2024-11-26 13:52:18.535 [info] > git config --get commit.template [8ms]
2024-11-26 13:52:18.540 [info] > git for-each-ref --format=%(refname)%00%(upstream:short)%00%(objectname)%00%(upstream:track)%00%(upstream:remotename)%00%(upstream:remoteref) refs/heads/master refs/remotes/master [5ms]
2024-11-26 13:52:18.560 [info] > git for-each-ref --sort -committerdate --format %(refname) %(objectname) %(*objectname) [4ms]
2024-11-26 13:52:18.576 [info] > git status -z -uall [28ms]
2024-11-26 13:52:23.603 [info] > git config --get commit.template [10ms]
2024-11-26 13:52:23.605 [info] > git for-each-ref --format=%(refname)%00%(upstream:short)%00%(objectname)%00%(upstream:track)%00%(upstream:remotename)%00%(upstream:remoteref) refs/heads/master refs/remotes/master [4ms]
2024-11-26 13:52:23.629 [info] > git for-each-ref --sort -committerdate --format %(refname) %(objectname) %(*objectname) [4ms]
2024-11-26 13:52:23.643 [info] > git status -z -uall [27ms]
2024-11-26 13:52:31.250 [info] > git config --get commit.template [8ms]
2024-11-26 13:52:31.252 [info] > git for-each-ref --format=%(refname)%00%(upstream:short)%00%(objectname)%00%(upstream:track)%00%(upstream:remotename)%00%(upstream:remoteref) refs/heads/master refs/remotes/master [5ms]
2024-11-26 13:52:31.264 [info] > git for-each-ref --sort -committerdate --format %(refname) %(objectname) %(*objectname) [2ms]
2024-11-26 13:52:31.283 [info] > git status -z -uall [26ms]
2024-11-26 14:01:11.130 [info] > git config --get commit.template [21ms]
2024-11-26 14:01:11.138 [info] > git for-each-ref --format=%(refname)%00%(upstream:short)%00%(objectname)%00%(upstream:track)%00%(upstream:remotename)%00%(upstream:remoteref) refs/heads/master refs/remotes/master [18ms]
2024-11-26 14:01:11.169 [info] > git for-each-ref --sort -committerdate --format %(refname) %(objectname) %(*objectname) [16ms]
2024-11-26 14:01:11.541 [info] > git status -z -uall [394ms]
2024-11-26 14:01:12.365 [info] > git fetch [1273ms]
2024-11-26 14:01:12.374 [info] > git config --get commit.template [3ms]
2024-11-26 14:01:12.382 [info] > git for-each-ref --format=%(refname)%00%(upstream:short)%00%(objectname)%00%(upstream:track)%00%(upstream:remotename)%00%(upstream:remoteref) refs/heads/master refs/remotes/master [3ms]
2024-11-26 14:01:12.397 [info] > git for-each-ref --sort -committerdate --format %(refname) %(objectname) %(*objectname) [4ms]
2024-11-26 14:01:12.413 [info] > git status -z -uall [26ms]
2024-11-26 14:01:12.468 [info] > git ls-files --stage -- /home/solovea/number_classification.asm [5ms]
2024-11-26 14:01:12.477 [info] > git cat-file -s 8cb9641a3f2366ee5732e248e4a2a6bc916c22d3 [4ms]
2024-11-26 14:01:12.494 [info] > git show --textconv :number_classification.asm [4ms]
2024-11-26 14:01:13.580 [info] > git ls-files --stage -- /home/solovea/number_classification.asm [4ms]
2024-11-26 14:01:13.587 [info] > git cat-file -s 8cb9641a3f2366ee5732e248e4a2a6bc916c22d3 [2ms]
2024-11-26 14:01:13.603 [info] > git show --textconv :number_classification.asm [4ms]
2024-11-26 14:01:16.559 [info] > git config --get commit.template [7ms]
2024-11-26 14:01:16.561 [info] > git for-each-ref --format=%(refname)%00%(upstream:short)%00%(objectname)%00%(upstream:track)%00%(upstream:remotename)%00%(upstream:remoteref) refs/heads/master refs/remotes/master [4ms]
2024-11-26 14:01:16.577 [info] > git for-each-ref --sort -committerdate --format %(refname) %(objectname) %(*objectname) [3ms]
2024-11-26 14:01:16.600 [info] > git status -z -uall [32ms]
2024-11-26 14:01:21.613 [info] > git config --get commit.template [2ms]
2024-11-26 14:01:21.621 [info] > git for-each-ref --format=%(refname)%00%(upstream:short)%00%(objectname)%00%(upstream:track)%00%(upstream:remotename)%00%(upstream:remoteref) refs/heads/master refs/remotes/master [3ms]
2024-11-26 14:01:21.636 [info] > git for-each-ref --sort -committerdate --format %(refname) %(objectname) %(*objectname) [3ms]
2024-11-26 14:01:21.652 [info] > git status -z -uall [25ms]
2024-11-26 14:01:26.678 [info] > git config --get commit.template [12ms]
2024-11-26 14:01:26.681 [info] > git for-each-ref --format=%(refname)%00%(upstream:short)%00%(objectname)%00%(upstream:track)%00%(upstream:remotename)%00%(upstream:remoteref) refs/heads/master refs/remotes/master [4ms]
2024-11-26 14:01:26.703 [info] > git for-each-ref --sort -committerdate --format %(refname) %(objectname) %(*objectname) [4ms]
2024-11-26 14:01:26.724 [info] > git status -z -uall [32ms]
2024-11-26 14:01:34.566 [info] > git config --get commit.template [8ms]
2024-11-26 14:01:34.569 [info] > git for-each-ref --format=%(refname)%00%(upstream:short)%00%(objectname)%00%(upstream:track)%00%(upstream:remotename)%00%(upstream:remoteref) refs/heads/master refs/remotes/master [4ms]
2024-11-26 14:01:34.585 [info] > git for-each-ref --sort -committerdate --format %(refname) %(objectname) %(*objectname) [3ms]
2024-11-26 14:01:34.603 [info] > git status -z -uall [28ms]
2024-11-26 14:01:39.624 [info] > git config --get commit.template [8ms]
2024-11-26 14:01:39.627 [info] > git for-each-ref --format=%(refname)%00%(upstream:short)%00%(objectname)%00%(upstream:track)%00%(upstream:remotename)%00%(upstream:remoteref) refs/heads/master refs/remotes/master [3ms]
2024-11-26 14:01:39.647 [info] > git for-each-ref --sort -committerdate --format %(refname) %(objectname) %(*objectname) [3ms]
2024-11-26 14:01:39.678 [info] > git status -z -uall [42ms]
2024-11-26 14:01:44.693 [info] > git config --get commit.template [3ms]
2024-11-26 14:01:44.702 [info] > git for-each-ref --format=%(refname)%00%(upstream:short)%00%(objectname)%00%(upstream:track)%00%(upstream:remotename)%00%(upstream:remoteref) refs/heads/master refs/remotes/master [2ms]
2024-11-26 14:01:44.718 [info] > git for-each-ref --sort -committerdate --format %(refname) %(objectname) %(*objectname) [3ms]
2024-11-26 14:01:44.740 [info] > git status -z -uall [32ms]
2024-11-26 14:01:49.760 [info] > git config --get commit.template [8ms]
2024-11-26 14:01:49.761 [info] > git for-each-ref --format=%(refname)%00%(upstream:short)%00%(objectname)%00%(upstream:track)%00%(upstream:remotename)%00%(upstream:remoteref) refs/heads/master refs/remotes/master [3ms]
2024-11-26 14:01:49.778 [info] > git for-each-ref --sort -committerdate --format %(refname) %(objectname) %(*objectname) [4ms]
2024-11-26 14:01:49.800 [info] > git status -z -uall [32ms]
2024-11-26 14:01:54.823 [info] > git config --get commit.template [11ms]
2024-11-26 14:01:54.825 [info] > git for-each-ref --format=%(refname)%00%(upstream:short)%00%(objectname)%00%(upstream:track)%00%(upstream:remotename)%00%(upstream:remoteref) refs/heads/master refs/remotes/master [4ms]
2024-11-26 14:01:54.843 [info] > git for-each-ref --sort -committerdate --format %(refname) %(objectname) %(*objectname) [4ms]
2024-11-26 14:01:54.859 [info] > git status -z -uall [26ms]
2024-11-26 14:10:30.025 [info] > git config --get commit.template [11ms]
2024-11-26 14:10:30.026 [info] > git for-each-ref --format=%(refname)%00%(upstream:short)%00%(objectname)%00%(upstream:track)%00%(upstream:remotename)%00%(upstream:remoteref) refs/heads/master refs/remotes/master [7ms]
2024-11-26 14:10:30.045 [info] > git for-each-ref --sort -committerdate --format %(refname) %(objectname) %(*objectname) [2ms]
2024-11-26 14:10:30.066 [info] > git status -z -uall [33ms]
2024-11-26 14:10:31.210 [info] > git ls-files --stage -- /home/solovea/number_classification.asm [4ms]
2024-11-26 14:10:31.219 [info] > git cat-file -s 8cb9641a3f2366ee5732e248e4a2a6bc916c22d3 [3ms]
2024-11-26 14:10:31.235 [info] > git show --textconv :number_classification.asm [4ms]
2024-11-26 14:10:31.623 [info] > git fetch [1616ms]
2024-11-26 14:10:31.635 [info] > git config --get commit.template [6ms]
2024-11-26 14:10:31.637 [info] > git for-each-ref --format=%(refname)%00%(upstream:short)%00%(objectname)%00%(upstream:track)%00%(upstream:remotename)%00%(upstream:remoteref) refs/heads/master refs/remotes/master [3ms]
2024-11-26 14:10:31.648 [info] > git for-each-ref --sort -committerdate --format %(refname) %(objectname) %(*objectname) [2ms]
2024-11-26 14:10:31.665 [info] > git status -z -uall [22ms]
2024-11-26 14:10:32.925 [info] > git ls-files --stage -- /home/solovea/number_classification.asm [5ms]
2024-11-26 14:10:32.934 [info] > git cat-file -s 8cb9641a3f2366ee5732e248e4a2a6bc916c22d3 [3ms]
2024-11-26 14:10:32.954 [info] > git show --textconv :number_classification.asm [5ms]
