2024-11-25 17:51:56.441 [info] [main] Log level: Info
2024-11-25 17:51:56.441 [info] [main] Validating found git in: "git"
2024-11-25 17:51:56.441 [info] [main] Using git "2.34.1" from "git"
2024-11-25 17:51:56.441 [info] [Model][doInitialScan] Initial repository scan started
2024-11-25 17:51:56.441 [info] > git rev-parse --show-toplevel [13ms]
2024-11-25 17:51:56.441 [info] fatal: not a git repository (or any of the parent directories): .git
2024-11-25 17:51:56.441 [info] > git rev-parse --show-toplevel [5ms]
2024-11-25 17:51:56.441 [info] fatal: not a git repository (or any of the parent directories): .git
2024-11-25 17:51:56.451 [info] > git rev-parse --show-toplevel [2ms]
2024-11-25 17:51:56.451 [info] fatal: not a git repository (or any of the parent directories): .git
2024-11-25 17:51:56.461 [info] > git rev-parse --show-toplevel [3ms]
2024-11-25 17:51:56.461 [info] fatal: not a git repository (or any of the parent directories): .git
2024-11-25 17:51:56.473 [info] > git rev-parse --show-toplevel [3ms]
2024-11-25 17:51:56.473 [info] fatal: not a git repository (or any of the parent directories): .git
2024-11-25 17:51:56.482 [info] > git rev-parse --show-toplevel [2ms]
2024-11-25 17:51:56.483 [info] fatal: not a git repository (or any of the parent directories): .git
2024-11-25 17:51:56.493 [info] [Model][doInitialScan] Initial repository scan completed - repositories (0), closed repositories (0), parent repositories (0), unsafe repositories (0)
2024-11-25 17:54:40.459 [info] > git rev-parse --show-toplevel [5ms]
2024-11-25 17:54:40.460 [info] fatal: not a git repository (or any of the parent directories): .git
2024-11-25 17:55:20.396 [info] > git rev-parse --show-toplevel [2ms]
2024-11-25 17:55:20.396 [info] fatal: not a git repository (or any of the parent directories): .git
2024-11-25 18:01:27.189 [info] > git rev-parse --show-toplevel [6ms]
2024-11-25 18:01:27.190 [info] fatal: not a git repository (or any of the parent directories): .git
2024-11-25 18:02:18.687 [info] > git rev-parse --show-toplevel [4ms]
2024-11-25 18:02:18.687 [info] fatal: not a git repository (or any of the parent directories): .git
2024-11-25 18:02:19.371 [info] > git rev-parse --show-toplevel [7ms]
2024-11-25 18:02:19.371 [info] fatal: not a git repository (or any of the parent directories): .git
2024-11-25 18:02:24.737 [info] > git rev-parse --show-toplevel [2ms]
2024-11-25 18:02:24.737 [info] fatal: not a git repository (or any of the parent directories): .git
2024-11-25 18:06:20.749 [info] > git rev-parse --show-toplevel [12ms]
2024-11-25 18:06:20.749 [info] fatal: not a git repository (or any of the parent directories): .git
2024-11-25 18:06:24.986 [info] > git rev-parse --show-toplevel [3ms]
2024-11-25 18:06:24.986 [info] fatal: not a git repository (or any of the parent directories): .git
2024-11-25 18:11:28.561 [info] > git rev-parse --show-toplevel [4ms]
2024-11-25 18:11:28.561 [info] fatal: not a git repository (or any of the parent directories): .git
2024-11-25 18:11:31.072 [info] > git rev-parse --show-toplevel [3ms]
2024-11-25 18:11:31.073 [info] fatal: not a git repository (or any of the parent directories): .git
2024-11-25 18:12:09.760 [info] > git rev-parse --show-toplevel [26ms]
2024-11-25 18:12:09.761 [info] fatal: not a git repository (or any of the parent directories): .git
2024-11-25 18:27:43.511 [info] > git rev-parse --show-toplevel [28ms]
2024-11-25 18:27:43.512 [info] fatal: not a git repository (or any of the parent directories): .git
2024-11-25 18:33:47.770 [info] > git rev-parse --show-toplevel [29ms]
2024-11-25 18:33:47.771 [info] fatal: not a git repository (or any of the parent directories): .git
2024-11-25 18:41:56.993 [info] > git rev-parse --show-toplevel [28ms]
2024-11-25 18:41:56.995 [info] fatal: not a git repository (or any of the parent directories): .git
2024-11-25 18:50:46.011 [info] > git rev-parse --show-toplevel [19ms]
2024-11-25 18:50:46.013 [info] fatal: not a git repository (or any of the parent directories): .git
2024-11-25 19:05:17.625 [info] > git rev-parse --show-toplevel [3ms]
2024-11-25 19:05:17.626 [info] fatal: not a git repository (or any of the parent directories): .git
2024-11-25 19:07:26.879 [info] > git rev-parse --show-toplevel [2ms]
2024-11-25 19:07:26.886 [info] > git rev-parse --git-dir --git-common-dir [1ms]
2024-11-25 19:07:26.902 [info] [Model][openRepository] Opened repository: /home/solovea
2024-11-25 19:07:26.917 [info] [Git][getRemotes] No remotes found in the git config file
2024-11-25 19:07:26.919 [info] > git config --get commit.template [7ms]
2024-11-25 19:07:26.920 [info] > git for-each-ref --format=%(refname)%00%(upstream:short)%00%(objectname)%00%(upstream:track)%00%(upstream:remotename)%00%(upstream:remoteref) refs/heads/master refs/remotes/master [4ms]
2024-11-25 19:07:26.921 [warning] [Git][getBranch] No such branch: master
2024-11-25 19:07:26.935 [info] > git for-each-ref --sort -committerdate --format %(refname) %(objectname) %(*objectname) [2ms]
2024-11-25 19:07:27.181 [info] > git status -z -uall [254ms]
2024-11-25 19:07:27.232 [info] > git for-each-ref --format=%(refname)%00%(upstream:short)%00%(objectname)%00%(upstream:track)%00%(upstream:remotename)%00%(upstream:remoteref) refs/heads/master refs/remotes/master [12ms]
2024-11-25 19:07:27.233 [warning] [Git][getBranch] No such branch: master
2024-11-25 19:07:27.234 [error] [GitHistoryProvider][resolveHEADMergeBase] Failed to resolve merge base for master: Error: No such branch: master.
2024-11-25 19:07:27.239 [info] > git config --get commit.template [9ms]
2024-11-25 19:07:27.244 [info] [Git][getRemotes] No remotes found in the git config file
2024-11-25 19:07:27.247 [info] > git for-each-ref --format=%(refname)%00%(upstream:short)%00%(objectname)%00%(upstream:track)%00%(upstream:remotename)%00%(upstream:remoteref) refs/heads/master refs/remotes/master [2ms]
2024-11-25 19:07:27.247 [warning] [Git][getBranch] No such branch: master
2024-11-25 19:07:27.266 [info] > git for-each-ref --sort -committerdate --format %(refname) %(objectname) %(*objectname) [9ms]
2024-11-25 19:07:27.290 [info] > git status -z -uall [38ms]
2024-11-25 19:07:27.290 [info] > git show --textconv :sensor_simulation.asm [12ms]
2024-11-25 19:07:27.317 [info] > git ls-files --stage -- /home/solovea/sensor_simulation.asm [32ms]
2024-11-25 19:07:27.710 [info] > git check-ignore -v -z --stdin [16ms]
2024-11-25 19:09:31.972 [info] > git check-ignore -v -z --stdin [2ms]
2024-11-25 19:11:15.822 [info] > git config --get commit.template [7ms]
2024-11-25 19:11:15.823 [info] > git for-each-ref --format=%(refname)%00%(upstream:short)%00%(objectname)%00%(upstream:track)%00%(upstream:remotename)%00%(upstream:remoteref) refs/heads/master refs/remotes/master [4ms]
2024-11-25 19:11:15.839 [info] > git for-each-ref --sort -committerdate --format %(refname) %(objectname) %(*objectname) [2ms]
2024-11-25 19:11:15.848 [info] > git status -z -uall [18ms]
2024-11-25 19:11:15.878 [info] > git ls-files --stage -- /home/solovea/sensor_simulation.asm [3ms]
2024-11-25 19:11:15.886 [info] > git cat-file -s 7d02375882c578813b4f2ba37918d79dd17bb197 [3ms]
2024-11-25 19:11:15.944 [info] > git show --textconv :sensor_simulation.asm [3ms]
2024-11-25 19:11:16.924 [info] > git fetch [1119ms]
2024-11-25 19:11:16.924 [info] Missing or invalid credentials.
Skip silent fetch commands
Missing or invalid credentials.
Skip silent fetch commands
remote: Repository not found.
fatal: Authentication failed for 'https://github.com/Solovea_101/ICS3203-CAT2-Assembly-Mutei-Stephen-Solovea-150889/'
2024-11-25 19:11:16.939 [info] > git config --get commit.template [8ms]
2024-11-25 19:11:16.940 [info] > git for-each-ref --format=%(refname)%00%(upstream:short)%00%(objectname)%00%(upstream:track)%00%(upstream:remotename)%00%(upstream:remoteref) refs/heads/master refs/remotes/master [2ms]
2024-11-25 19:11:16.952 [info] > git for-each-ref --sort -committerdate --format %(refname) %(objectname) %(*objectname) [2ms]
2024-11-25 19:11:16.962 [info] > git status -z -uall [17ms]
2024-11-25 19:11:17.052 [info] > git ls-files --stage -- /home/solovea/sensor_simulation.asm [3ms]
2024-11-25 19:11:17.058 [info] > git cat-file -s 7d02375882c578813b4f2ba37918d79dd17bb197 [2ms]
2024-11-25 19:11:17.072 [info] > git show --textconv :sensor_simulation.asm [3ms]
2024-11-25 19:11:20.883 [info] > git config --get commit.template [6ms]
2024-11-25 19:11:20.884 [info] > git for-each-ref --format=%(refname)%00%(upstream:short)%00%(objectname)%00%(upstream:track)%00%(upstream:remotename)%00%(upstream:remoteref) refs/heads/master refs/remotes/master [2ms]
2024-11-25 19:11:20.897 [info] > git for-each-ref --sort -committerdate --format %(refname) %(objectname) %(*objectname) [3ms]
2024-11-25 19:11:20.910 [info] > git status -z -uall [21ms]
2024-11-25 19:27:07.700 [info] > git config --get commit.template [3ms]
2024-11-25 19:27:07.713 [info] > git for-each-ref --format=%(refname)%00%(upstream:short)%00%(objectname)%00%(upstream:track)%00%(upstream:remotename)%00%(upstream:remoteref) refs/heads/master refs/remotes/master [6ms]
2024-11-25 19:27:07.724 [info] > git ls-files --stage -- /home/solovea/sensor_simulation.asm [13ms]
2024-11-25 19:27:07.729 [info] > git for-each-ref --sort -committerdate --format %(refname) %(objectname) %(*objectname) [7ms]
2024-11-25 19:27:07.731 [info] > git cat-file -s 7d02375882c578813b4f2ba37918d79dd17bb197 [2ms]
2024-11-25 19:27:07.734 [info] > git status -z -uall [17ms]
2024-11-25 19:27:07.748 [info] > git show --textconv :sensor_simulation.asm [3ms]
2024-11-25 19:27:12.751 [info] > git config --get commit.template [8ms]
2024-11-25 19:27:12.752 [info] > git for-each-ref --format=%(refname)%00%(upstream:short)%00%(objectname)%00%(upstream:track)%00%(upstream:remotename)%00%(upstream:remoteref) refs/heads/master refs/remotes/master [2ms]
2024-11-25 19:27:12.765 [info] > git for-each-ref --sort -committerdate --format %(refname) %(objectname) %(*objectname) [3ms]
2024-11-25 19:27:12.773 [info] > git status -z -uall [16ms]
2024-11-25 19:27:17.788 [info] > git config --get commit.template [5ms]
2024-11-25 19:27:17.789 [info] > git for-each-ref --format=%(refname)%00%(upstream:short)%00%(objectname)%00%(upstream:track)%00%(upstream:remotename)%00%(upstream:remoteref) refs/heads/master refs/remotes/master [2ms]
2024-11-25 19:27:17.800 [info] > git for-each-ref --sort -committerdate --format %(refname) %(objectname) %(*objectname) [3ms]
2024-11-25 19:27:17.808 [info] > git status -z -uall [15ms]
2024-11-25 19:27:22.823 [info] > git config --get commit.template [5ms]
2024-11-25 19:27:22.824 [info] > git for-each-ref --format=%(refname)%00%(upstream:short)%00%(objectname)%00%(upstream:track)%00%(upstream:remotename)%00%(upstream:remoteref) refs/heads/master refs/remotes/master [2ms]
2024-11-25 19:27:22.834 [info] > git for-each-ref --sort -committerdate --format %(refname) %(objectname) %(*objectname) [2ms]
2024-11-25 19:27:22.843 [info] > git status -z -uall [14ms]
2024-11-25 19:27:31.187 [info] > git for-each-ref --format=%(refname)%00%(upstream:short)%00%(objectname)%00%(upstream:track)%00%(upstream:remotename)%00%(upstream:remoteref) refs/heads/master refs/remotes/master [3ms]
2024-11-25 19:27:31.187 [info] > git config --get commit.template [9ms]
2024-11-25 19:27:31.200 [info] > git for-each-ref --sort -committerdate --format %(refname) %(objectname) %(*objectname) [3ms]
2024-11-25 19:27:31.210 [info] > git status -z -uall [18ms]
2024-11-25 19:27:35.592 [info] > git ls-files --stage -- /home/solovea/sensor_simulation.asm [2ms]
2024-11-25 19:27:35.597 [info] > git cat-file -s 7d02375882c578813b4f2ba37918d79dd17bb197 [1ms]
2024-11-25 19:27:35.609 [info] > git show --textconv :sensor_simulation.asm [2ms]
2024-11-25 19:27:36.225 [info] > git config --get commit.template [6ms]
2024-11-25 19:27:36.226 [info] > git for-each-ref --format=%(refname)%00%(upstream:short)%00%(objectname)%00%(upstream:track)%00%(upstream:remotename)%00%(upstream:remoteref) refs/heads/master refs/remotes/master [3ms]
2024-11-25 19:27:36.238 [info] > git for-each-ref --sort -committerdate --format %(refname) %(objectname) %(*objectname) [2ms]
2024-11-25 19:27:36.248 [info] > git status -z -uall [18ms]
2024-11-25 19:27:40.189 [info] > git ls-files --stage -- /home/solovea/sensor_simulation.asm [2ms]
2024-11-25 19:27:40.194 [info] > git cat-file -s 7d02375882c578813b4f2ba37918d79dd17bb197 [2ms]
2024-11-25 19:27:40.206 [info] > git show --textconv :sensor_simulation.asm [3ms]
2024-11-25 19:27:41.261 [info] > git config --get commit.template [5ms]
2024-11-25 19:27:41.262 [info] > git for-each-ref --format=%(refname)%00%(upstream:short)%00%(objectname)%00%(upstream:track)%00%(upstream:remotename)%00%(upstream:remoteref) refs/heads/master refs/remotes/master [2ms]
2024-11-25 19:27:41.272 [info] > git for-each-ref --sort -committerdate --format %(refname) %(objectname) %(*objectname) [1ms]
2024-11-25 19:27:41.280 [info] > git status -z -uall [14ms]
2024-11-25 19:27:46.293 [info] > git config --get commit.template [6ms]
2024-11-25 19:27:46.294 [info] > git for-each-ref --format=%(refname)%00%(upstream:short)%00%(objectname)%00%(upstream:track)%00%(upstream:remotename)%00%(upstream:remoteref) refs/heads/master refs/remotes/master [2ms]
2024-11-25 19:27:46.306 [info] > git for-each-ref --sort -committerdate --format %(refname) %(objectname) %(*objectname) [2ms]
2024-11-25 19:27:46.316 [info] > git status -z -uall [17ms]
2024-11-25 19:27:50.997 [info] > git config --get commit.template [5ms]
2024-11-25 19:27:50.998 [info] > git for-each-ref --format=%(refname)%00%(upstream:short)%00%(objectname)%00%(upstream:track)%00%(upstream:remotename)%00%(upstream:remoteref) refs/heads/master refs/remotes/master [2ms]
2024-11-25 19:27:51.010 [info] > git for-each-ref --sort -committerdate --format %(refname) %(objectname) %(*objectname) [3ms]
2024-11-25 19:27:51.018 [info] > git status -z -uall [16ms]
2024-11-25 19:27:51.333 [info] > git config --get commit.template [5ms]
2024-11-25 19:27:51.334 [info] > git for-each-ref --format=%(refname)%00%(upstream:short)%00%(objectname)%00%(upstream:track)%00%(upstream:remotename)%00%(upstream:remoteref) refs/heads/master refs/remotes/master [2ms]
2024-11-25 19:27:51.345 [info] > git for-each-ref --sort -committerdate --format %(refname) %(objectname) %(*objectname) [2ms]
2024-11-25 19:27:51.353 [info] > git status -z -uall [15ms]
2024-11-25 19:27:52.217 [info] > git ls-files --stage -- /home/solovea/sensor_simulation.asm [2ms]
2024-11-25 19:27:52.222 [info] > git cat-file -s 7d02375882c578813b4f2ba37918d79dd17bb197 [1ms]
2024-11-25 19:27:52.233 [info] > git show --textconv :sensor_simulation.asm [2ms]
2024-11-25 19:27:56.367 [info] > git config --get commit.template [5ms]
2024-11-25 19:27:56.368 [info] > git for-each-ref --format=%(refname)%00%(upstream:short)%00%(objectname)%00%(upstream:track)%00%(upstream:remotename)%00%(upstream:remoteref) refs/heads/master refs/remotes/master [2ms]
2024-11-25 19:27:56.379 [info] > git for-each-ref --sort -committerdate --format %(refname) %(objectname) %(*objectname) [3ms]
2024-11-25 19:27:56.388 [info] > git status -z -uall [16ms]
2024-11-25 19:28:01.400 [info] > git config --get commit.template [2ms]
2024-11-25 19:28:01.405 [info] > git for-each-ref --format=%(refname)%00%(upstream:short)%00%(objectname)%00%(upstream:track)%00%(upstream:remotename)%00%(upstream:remoteref) refs/heads/master refs/remotes/master [1ms]
2024-11-25 19:28:01.417 [info] > git for-each-ref --sort -committerdate --format %(refname) %(objectname) %(*objectname) [3ms]
2024-11-25 19:28:01.423 [info] > git status -z -uall [13ms]
2024-11-25 19:28:06.436 [info] > git config --get commit.template [5ms]
2024-11-25 19:28:06.437 [info] > git for-each-ref --format=%(refname)%00%(upstream:short)%00%(objectname)%00%(upstream:track)%00%(upstream:remotename)%00%(upstream:remoteref) refs/heads/master refs/remotes/master [1ms]
2024-11-25 19:28:06.447 [info] > git for-each-ref --sort -committerdate --format %(refname) %(objectname) %(*objectname) [1ms]
2024-11-25 19:28:06.455 [info] > git status -z -uall [14ms]
2024-11-25 19:28:11.469 [info] > git config --get commit.template [5ms]
2024-11-25 19:28:11.470 [info] > git for-each-ref --format=%(refname)%00%(upstream:short)%00%(objectname)%00%(upstream:track)%00%(upstream:remotename)%00%(upstream:remoteref) refs/heads/master refs/remotes/master [2ms]
2024-11-25 19:28:11.481 [info] > git for-each-ref --sort -committerdate --format %(refname) %(objectname) %(*objectname) [3ms]
2024-11-25 19:28:11.490 [info] > git status -z -uall [16ms]
2024-11-25 19:28:16.501 [info] > git config --get commit.template [2ms]
2024-11-25 19:28:16.507 [info] > git for-each-ref --format=%(refname)%00%(upstream:short)%00%(objectname)%00%(upstream:track)%00%(upstream:remotename)%00%(upstream:remoteref) refs/heads/master refs/remotes/master [2ms]
2024-11-25 19:28:16.517 [info] > git for-each-ref --sort -committerdate --format %(refname) %(objectname) %(*objectname) [1ms]
2024-11-25 19:28:16.525 [info] > git status -z -uall [14ms]
2024-11-25 19:28:21.539 [info] > git config --get commit.template [5ms]
2024-11-25 19:28:21.540 [info] > git for-each-ref --format=%(refname)%00%(upstream:short)%00%(objectname)%00%(upstream:track)%00%(upstream:remotename)%00%(upstream:remoteref) refs/heads/master refs/remotes/master [1ms]
2024-11-25 19:28:21.550 [info] > git for-each-ref --sort -committerdate --format %(refname) %(objectname) %(*objectname) [2ms]
2024-11-25 19:28:21.559 [info] > git status -z -uall [16ms]
2024-11-25 19:28:26.573 [info] > git config --get commit.template [5ms]
2024-11-25 19:28:26.575 [info] > git for-each-ref --format=%(refname)%00%(upstream:short)%00%(objectname)%00%(upstream:track)%00%(upstream:remotename)%00%(upstream:remoteref) refs/heads/master refs/remotes/master [1ms]
2024-11-25 19:28:26.585 [info] > git for-each-ref --sort -committerdate --format %(refname) %(objectname) %(*objectname) [2ms]
2024-11-25 19:28:26.593 [info] > git status -z -uall [14ms]
2024-11-25 19:28:31.606 [info] > git config --get commit.template [5ms]
2024-11-25 19:28:31.607 [info] > git for-each-ref --format=%(refname)%00%(upstream:short)%00%(objectname)%00%(upstream:track)%00%(upstream:remotename)%00%(upstream:remoteref) refs/heads/master refs/remotes/master [2ms]
2024-11-25 19:28:31.618 [info] > git for-each-ref --sort -committerdate --format %(refname) %(objectname) %(*objectname) [3ms]
2024-11-25 19:28:31.628 [info] > git status -z -uall [17ms]
2024-11-25 19:28:36.638 [info] > git config --get commit.template [2ms]
2024-11-25 19:28:36.643 [info] > git for-each-ref --format=%(refname)%00%(upstream:short)%00%(objectname)%00%(upstream:track)%00%(upstream:remotename)%00%(upstream:remoteref) refs/heads/master refs/remotes/master [2ms]
2024-11-25 19:28:36.653 [info] > git for-each-ref --sort -committerdate --format %(refname) %(objectname) %(*objectname) [3ms]
2024-11-25 19:28:36.661 [info] > git status -z -uall [14ms]
2024-11-25 19:28:41.674 [info] > git config --get commit.template [5ms]
2024-11-25 19:28:41.675 [info] > git for-each-ref --format=%(refname)%00%(upstream:short)%00%(objectname)%00%(upstream:track)%00%(upstream:remotename)%00%(upstream:remoteref) refs/heads/master refs/remotes/master [1ms]
2024-11-25 19:28:41.685 [info] > git for-each-ref --sort -committerdate --format %(refname) %(objectname) %(*objectname) [2ms]
2024-11-25 19:28:41.692 [info] > git status -z -uall [13ms]
2024-11-25 19:28:42.207 [info] > git config --get commit.template [6ms]
2024-11-25 19:28:42.208 [info] > git for-each-ref --format=%(refname)%00%(upstream:short)%00%(objectname)%00%(upstream:track)%00%(upstream:remotename)%00%(upstream:remoteref) refs/heads/master refs/remotes/master [2ms]
2024-11-25 19:28:42.221 [info] > git for-each-ref --sort -committerdate --format %(refname) %(objectname) %(*objectname) [3ms]
2024-11-25 19:28:42.228 [info] > git status -z -uall [15ms]
2024-11-25 19:28:43.498 [info] > git ls-files --stage -- /home/solovea/sensor_simulation.asm [1ms]
2024-11-25 19:28:43.503 [info] > git cat-file -s 7d02375882c578813b4f2ba37918d79dd17bb197 [2ms]
2024-11-25 19:28:43.513 [info] > git show --textconv :sensor_simulation.asm [2ms]
2024-11-25 19:28:46.705 [info] > git config --get commit.template [5ms]
2024-11-25 19:28:46.706 [info] > git for-each-ref --format=%(refname)%00%(upstream:short)%00%(objectname)%00%(upstream:track)%00%(upstream:remotename)%00%(upstream:remoteref) refs/heads/master refs/remotes/master [1ms]
2024-11-25 19:28:46.716 [info] > git for-each-ref --sort -committerdate --format %(refname) %(objectname) %(*objectname) [1ms]
2024-11-25 19:28:46.723 [info] > git status -z -uall [13ms]
2024-11-25 19:28:51.737 [info] > git config --get commit.template [5ms]
2024-11-25 19:28:51.738 [info] > git for-each-ref --format=%(refname)%00%(upstream:short)%00%(objectname)%00%(upstream:track)%00%(upstream:remotename)%00%(upstream:remoteref) refs/heads/master refs/remotes/master [2ms]
2024-11-25 19:28:51.749 [info] > git for-each-ref --sort -committerdate --format %(refname) %(objectname) %(*objectname) [2ms]
2024-11-25 19:28:51.756 [info] > git status -z -uall [14ms]
2024-11-25 19:28:56.775 [info] > git config --get commit.template [7ms]
2024-11-25 19:28:56.775 [info] > git for-each-ref --format=%(refname)%00%(upstream:short)%00%(objectname)%00%(upstream:track)%00%(upstream:remotename)%00%(upstream:remoteref) refs/heads/master refs/remotes/master [1ms]
2024-11-25 19:28:56.788 [info] > git for-each-ref --sort -committerdate --format %(refname) %(objectname) %(*objectname) [3ms]
2024-11-25 19:28:56.795 [info] > git status -z -uall [15ms]
2024-11-25 19:29:01.811 [info] > git config --get commit.template [6ms]
2024-11-25 19:29:01.813 [info] > git for-each-ref --format=%(refname)%00%(upstream:short)%00%(objectname)%00%(upstream:track)%00%(upstream:remotename)%00%(upstream:remoteref) refs/heads/master refs/remotes/master [1ms]
2024-11-25 19:29:01.822 [info] > git for-each-ref --sort -committerdate --format %(refname) %(objectname) %(*objectname) [2ms]
2024-11-25 19:29:01.832 [info] > git status -z -uall [16ms]
2024-11-25 19:29:27.400 [info] > git config --get commit.template [1ms]
2024-11-25 19:29:27.412 [info] > git for-each-ref --format=%(refname)%00%(upstream:short)%00%(objectname)%00%(upstream:track)%00%(upstream:remotename)%00%(upstream:remoteref) refs/heads/master refs/remotes/master [5ms]
2024-11-25 19:29:27.426 [info] > git for-each-ref --sort -committerdate --format %(refname) %(objectname) %(*objectname) [2ms]
2024-11-25 19:29:27.436 [info] > git status -z -uall [19ms]
2024-11-25 19:29:32.451 [info] > git config --get commit.template [6ms]
2024-11-25 19:29:32.452 [info] > git for-each-ref --format=%(refname)%00%(upstream:short)%00%(objectname)%00%(upstream:track)%00%(upstream:remotename)%00%(upstream:remoteref) refs/heads/master refs/remotes/master [2ms]
2024-11-25 19:29:32.464 [info] > git for-each-ref --sort -committerdate --format %(refname) %(objectname) %(*objectname) [3ms]
2024-11-25 19:29:32.474 [info] > git status -z -uall [19ms]
2024-11-25 19:29:36.183 [info] > git for-each-ref --sort -committerdate --format %(refname) %(objectname) %(*objectname) [2ms]
2024-11-25 19:29:37.487 [info] > git config --get commit.template [5ms]
2024-11-25 19:29:37.488 [info] > git for-each-ref --format=%(refname)%00%(upstream:short)%00%(objectname)%00%(upstream:track)%00%(upstream:remotename)%00%(upstream:remoteref) refs/heads/master refs/remotes/master [2ms]
2024-11-25 19:29:37.498 [info] > git for-each-ref --sort -committerdate --format %(refname) %(objectname) %(*objectname) [2ms]
2024-11-25 19:29:37.507 [info] > git status -z -uall [14ms]
2024-11-25 19:29:42.520 [info] > git config --get commit.template [5ms]
2024-11-25 19:29:42.522 [info] > git for-each-ref --format=%(refname)%00%(upstream:short)%00%(objectname)%00%(upstream:track)%00%(upstream:remotename)%00%(upstream:remoteref) refs/heads/master refs/remotes/master [3ms]
2024-11-25 19:29:42.534 [info] > git for-each-ref --sort -committerdate --format %(refname) %(objectname) %(*objectname) [3ms]
2024-11-25 19:29:42.542 [info] > git status -z -uall [17ms]
2024-11-25 19:30:03.087 [info] > git config --get commit.template [7ms]
2024-11-25 19:30:03.089 [info] > git for-each-ref --format=%(refname)%00%(upstream:short)%00%(objectname)%00%(upstream:track)%00%(upstream:remotename)%00%(upstream:remoteref) refs/heads/master refs/remotes/master [3ms]
2024-11-25 19:30:03.103 [info] > git for-each-ref --sort -committerdate --format %(refname) %(objectname) %(*objectname) [3ms]
2024-11-25 19:30:03.113 [info] > git status -z -uall [18ms]
2024-11-25 19:30:03.174 [info] > git for-each-ref --sort -committerdate --format %(refname) %(objectname) %(*objectname) [2ms]
2024-11-25 19:30:06.329 [info] > git push -u origin master [1010ms]
2024-11-25 19:30:06.330 [info] remote: Permission to Solovea-101/ICS3203-CAT2-Assembly-Mutei-Stephen-Solovea-150889.git denied to eslimose.
fatal: unable to access 'https://github.com/Solovea-101/ICS3203-CAT2-Assembly-Mutei-Stephen-Solovea-150889.git/': The requested URL returned error: 403
2024-11-25 19:30:11.229 [info] > git remote rename origin upstream [12ms]
2024-11-25 19:30:11.245 [info] > git config --get commit.template [7ms]
2024-11-25 19:30:11.245 [info] > git for-each-ref --format=%(refname)%00%(upstream:short)%00%(objectname)%00%(upstream:track)%00%(upstream:remotename)%00%(upstream:remoteref) refs/heads/master refs/remotes/master [2ms]
2024-11-25 19:30:11.262 [info] > git for-each-ref --sort -committerdate --format %(refname) %(objectname) %(*objectname) [2ms]
2024-11-25 19:30:11.268 [info] > git status -z -uall [15ms]
2024-11-25 19:30:11.279 [info] > git remote add origin https://github.com/eslimose/ICS3203-CAT2-Assembly-Mutei-Stephen-Solovea-150889.git [4ms]
2024-11-25 19:30:11.295 [info] > git config --get commit.template [8ms]
2024-11-25 19:30:11.295 [info] > git for-each-ref --format=%(refname)%00%(upstream:short)%00%(objectname)%00%(upstream:track)%00%(upstream:remotename)%00%(upstream:remoteref) refs/heads/master refs/remotes/master [2ms]
2024-11-25 19:30:11.310 [info] > git for-each-ref --sort -committerdate --format %(refname) %(objectname) %(*objectname) [2ms]
2024-11-25 19:30:11.319 [info] > git status -z -uall [16ms]
2024-11-25 19:30:12.341 [info] > git fetch origin master [1016ms]
2024-11-25 19:30:12.341 [info] remote: Repository not found.
fatal: repository 'https://github.com/eslimose/ICS3203-CAT2-Assembly-Mutei-Stephen-Solovea-150889.git/' not found
2024-11-25 19:30:12.352 [info] > git config --get commit.template [6ms]
2024-11-25 19:30:12.353 [info] > git for-each-ref --format=%(refname)%00%(upstream:short)%00%(objectname)%00%(upstream:track)%00%(upstream:remotename)%00%(upstream:remoteref) refs/heads/master refs/remotes/master [2ms]
2024-11-25 19:30:12.363 [info] > git for-each-ref --sort -committerdate --format %(refname) %(objectname) %(*objectname) [2ms]
2024-11-25 19:30:12.372 [info] > git status -z -uall [15ms]
2024-11-25 19:30:12.571 [info] > git ls-files --stage -- /home/solovea/sensor_simulation.asm [2ms]
2024-11-25 19:30:12.577 [info] > git cat-file -s 7d02375882c578813b4f2ba37918d79dd17bb197 [2ms]
2024-11-25 19:30:12.589 [info] > git show --textconv :sensor_simulation.asm [3ms]
2024-11-25 19:31:04.081 [info] > git push -u origin master [51703ms]
2024-11-25 19:31:04.081 [info] remote: warning: See https://gh.io/lfs for more information.        
remote: warning: File .vscode-server/bin/f1a4fb101478ce6ec82fe9627c43efbf9e98c813/node is 93.86 MB; this is larger than GitHub's recommended maximum file size of 50.00 MB        
remote: warning: GH001: Large files detected. You may want to try Git Large File Storage - https://git-lfs.github.com.        
remote: 
remote: Create a pull request for 'master' on GitHub by visiting:        
remote:      https://github.com/eslimose/ICS3203-CAT2-Assembly-Mutei-Stephen-Solovea-150889/pull/new/master        
remote: 
To https://github.com/eslimose/ICS3203-CAT2-Assembly-Mutei-Stephen-Solovea-150889.git
 * [new branch]      master -> master
2024-11-25 19:31:04.093 [info] > git config --get commit.template [6ms]
2024-11-25 19:31:04.094 [info] > git for-each-ref --format=%(refname)%00%(upstream:short)%00%(objectname)%00%(upstream:track)%00%(upstream:remotename)%00%(upstream:remoteref) refs/heads/master refs/remotes/master [2ms]
2024-11-25 19:31:04.107 [info] > git for-each-ref --sort -committerdate --format %(refname) %(objectname) %(*objectname) [2ms]
2024-11-25 19:31:04.117 [info] > git status -z -uall [17ms]
2024-11-25 19:31:04.142 [info] > git merge-base refs/heads/master refs/remotes/origin/master [12ms]
2024-11-25 19:31:04.150 [info] > git config --get commit.template [9ms]
2024-11-25 19:31:04.156 [info] > git diff --name-status -z --diff-filter=ADMR ecd62d80556f86f729b62af3ec4d5ff7c0b89bb3...refs/remotes/origin/master [7ms]
2024-11-25 19:31:04.159 [info] > git for-each-ref --format=%(refname)%00%(upstream:short)%00%(objectname)%00%(upstream:track)%00%(upstream:remotename)%00%(upstream:remoteref) refs/heads/master refs/remotes/master [3ms]
2024-11-25 19:31:04.172 [info] > git for-each-ref --sort -committerdate --format %(refname) %(objectname) %(*objectname) [2ms]
2024-11-25 19:31:04.181 [info] > git status -z -uall [16ms]
2024-11-25 19:31:30.217 [info] > git config --get commit.template [9ms]
2024-11-25 19:31:30.224 [info] > git ls-files --stage -- /home/solovea/sensor_simulation.asm [9ms]
2024-11-25 19:31:30.229 [info] > git for-each-ref --format=%(refname)%00%(upstream:short)%00%(objectname)%00%(upstream:track)%00%(upstream:remotename)%00%(upstream:remoteref) refs/heads/master refs/remotes/master [7ms]
2024-11-25 19:31:30.230 [info] > git cat-file -s 7d02375882c578813b4f2ba37918d79dd17bb197 [1ms]
2024-11-25 19:31:30.245 [info] > git for-each-ref --sort -committerdate --format %(refname) %(objectname) %(*objectname) [2ms]
2024-11-25 19:31:30.256 [info] > git status -z -uall [20ms]
2024-11-25 19:31:30.257 [info] > git show --textconv :sensor_simulation.asm [4ms]
2024-11-25 19:31:30.991 [info] > git check-ignore -v -z --stdin [3ms]
2024-11-25 19:31:31.798 [info] > git log --format=%H%n%aN%n%aE%n%at%n%ct%n%P%n%D%n%B -z --shortstat --diff-merges=first-parent -n50 --skip=0 --topo-order --decorate=full --stdin [1353ms]
2024-11-25 19:31:35.273 [info] > git config --get commit.template [6ms]
2024-11-25 19:31:35.274 [info] > git for-each-ref --format=%(refname)%00%(upstream:short)%00%(objectname)%00%(upstream:track)%00%(upstream:remotename)%00%(upstream:remoteref) refs/heads/master refs/remotes/master [2ms]
2024-11-25 19:31:35.289 [info] > git for-each-ref --sort -committerdate --format %(refname) %(objectname) %(*objectname) [3ms]
2024-11-25 19:31:35.297 [info] > git status -z -uall [17ms]
2024-11-25 19:31:39.461 [info] > git add -A -- . [23ms]
2024-11-25 19:31:39.884 [info] > git show --textconv :.git/COMMIT_EDITMSG [8ms]
2024-11-25 19:31:39.886 [info] > git ls-files --stage -- /home/solovea/.git/COMMIT_EDITMSG [5ms]
2024-11-25 19:31:40.208 [info] > git check-ignore -v -z --stdin [2ms]
2024-11-25 19:31:40.822 [info] > git ls-files --stage -- /home/solovea/.git/COMMIT_EDITMSG [3ms]
2024-11-25 19:31:40.835 [info] > git show --textconv :.git/COMMIT_EDITMSG [2ms]
